[Thu Apr 24 19:36:47 2025] - Cerrando banco de manera segura
[Thu Apr 24 19:36:49 2025] - ----------------------
[Thu Apr 24 19:37:23 2025] - ---------------------------
[Thu Apr 24 19:37:23 2025] - Inciando banco
[Thu Apr 24 19:37:23 2025] - Se esta cargando la configuracion del banco
[Thu Apr 24 19:37:23 2025] - Se ha abierto el fichero propertys.conf
[Thu Apr 24 19:37:23 2025] - Se ha cargado la configuracion del programa
[Thu Apr 24 19:37:23 2025] - Se ha cerrado el fichero propertys.conf
[Thu Apr 24 19:37:25 2025] - Iniciando memoria compartida...
[Thu Apr 24 19:37:25 2025] - Se ha creado la memoria compartida
[Thu Apr 24 19:37:30 2025] - Monitor iniciado con pid 5193
[Thu Apr 24 19:37:30 2025] - Analizando al usuario
[Thu Apr 24 19:37:30 2025] - Se empieza a generar listas de datos...
[Thu Apr 24 19:38:26 2025] - Cerrando banco de manera segura
[Thu Apr 24 19:38:28 2025] - ----------------------
[Thu Apr 24 19:38:35 2025] - ---------------------------
[Thu Apr 24 19:38:35 2025] - Inciando banco
[Thu Apr 24 19:38:35 2025] - Se esta cargando la configuracion del banco
[Thu Apr 24 19:38:35 2025] - Se ha abierto el fichero propertys.conf
[Thu Apr 24 19:38:35 2025] - Se ha cargado la configuracion del programa
[Thu Apr 24 19:38:35 2025] - Se ha cerrado el fichero propertys.conf
[Thu Apr 24 19:38:37 2025] - Iniciando memoria compartida...
[Thu Apr 24 19:38:37 2025] - Se ha creado la memoria compartida
[Thu Apr 24 19:38:38 2025] - Monitor iniciado con pid 5244
[Thu Apr 24 19:38:38 2025] - Analizando al usuario
[Thu Apr 24 19:38:38 2025] - Se empieza a generar listas de datos...
[Thu Apr 24 19:40:34 2025] - Cerrando banco de manera segura
[Thu Apr 24 19:40:37 2025] - ----------------------
[Thu Apr 24 19:40:44 2025] - ---------------------------
[Thu Apr 24 19:40:44 2025] - Inciando banco
[Thu Apr 24 19:40:44 2025] - Se esta cargando la configuracion del banco
[Thu Apr 24 19:40:44 2025] - Se ha abierto el fichero propertys.conf
[Thu Apr 24 19:40:44 2025] - Se ha cargado la configuracion del programa
[Thu Apr 24 19:40:44 2025] - Se ha cerrado el fichero propertys.conf
[Thu Apr 24 19:40:46 2025] - Iniciando memoria compartida...
[Thu Apr 24 19:40:46 2025] - Se ha creado la memoria compartida
[Thu Apr 24 19:40:49 2025] - Monitor iniciado con pid 5315
[Thu Apr 24 19:40:49 2025] - Analizando al usuario
[Thu Apr 24 19:42:06 2025] - Cerrando banco de manera segura
[Thu Apr 24 19:42:08 2025] - ----------------------
[Thu Apr 24 19:42:27 2025] - ---------------------------
[Thu Apr 24 19:42:27 2025] - Inciando banco
[Thu Apr 24 19:42:27 2025] - Se esta cargando la configuracion del banco
[Thu Apr 24 19:42:27 2025] - Se ha abierto el fichero propertys.conf
[Thu Apr 24 19:42:27 2025] - Se ha cargado la configuracion del programa
[Thu Apr 24 19:42:27 2025] - Se ha cerrado el fichero propertys.conf
[Thu Apr 24 19:42:29 2025] - Iniciando memoria compartida...
[Thu Apr 24 19:42:29 2025] - Se ha creado la memoria compartida
[Thu Apr 24 19:42:31 2025] - Monitor iniciado con pid 5398
[Thu Apr 24 19:42:31 2025] - Analizando al usuario
[Thu Apr 24 19:43:47 2025] - Cerrando banco de manera segura
[Thu Apr 24 19:43:49 2025] - ----------------------
[Thu Apr 24 19:43:55 2025] - ---------------------------
[Thu Apr 24 19:43:55 2025] - Inciando banco
[Thu Apr 24 19:43:55 2025] - Se esta cargando la configuracion del banco
[Thu Apr 24 19:43:55 2025] - Se ha abierto el fichero propertys.conf
[Thu Apr 24 19:43:55 2025] - Se ha cargado la configuracion del programa
[Thu Apr 24 19:43:55 2025] - Se ha cerrado el fichero propertys.conf
[Thu Apr 24 19:43:57 2025] - Iniciando memoria compartida...
[Thu Apr 24 19:43:57 2025] - Se ha creado la memoria compartida
[Thu Apr 24 19:44:04 2025] - Monitor iniciado con pid 5464
[Fri Apr 25 11:11:37 2025] - ---------------------------
[Fri Apr 25 11:11:37 2025] - Inciando banco
[Fri Apr 25 11:11:37 2025] - Se esta cargando la configuracion del banco
[Fri Apr 25 11:11:37 2025] - Se ha abierto el fichero propertys.conf
[Fri Apr 25 11:11:37 2025] - Se ha cargado la configuracion del programa
[Fri Apr 25 11:11:37 2025] - Se ha cerrado el fichero propertys.conf
[Fri Apr 25 11:11:39 2025] - Iniciando memoria compartida...
[Fri Apr 25 11:11:39 2025] - Se ha creado la memoria compartida
[Fri Apr 25 11:11:45 2025] - Monitor iniciado con pid 4847
[Fri Apr 25 11:11:45 2025] - Analizando al usuario
[Fri Apr 25 11:12:12 2025] - Cerrando banco de manera segura
[Fri Apr 25 11:12:14 2025] - ----------------------
[Fri Apr 25 11:12:41 2025] - ---------------------------
[Fri Apr 25 11:12:41 2025] - Inciando banco
[Fri Apr 25 11:12:41 2025] - Se esta cargando la configuracion del banco
[Fri Apr 25 11:12:41 2025] - Se ha abierto el fichero propertys.conf
[Fri Apr 25 11:12:41 2025] - Se ha cargado la configuracion del programa
[Fri Apr 25 11:12:41 2025] - Se ha cerrado el fichero propertys.conf
[Fri Apr 25 11:12:44 2025] - Iniciando memoria compartida...
[Fri Apr 25 11:12:44 2025] - Se ha creado la memoria compartida
[Fri Apr 25 11:12:47 2025] - Cerrando banco de manera segura
[Fri Apr 25 11:12:49 2025] - ----------------------
[Fri Apr 25 11:13:41 2025] - ---------------------------
[Fri Apr 25 11:13:41 2025] - Inciando banco
[Fri Apr 25 11:13:41 2025] - Se esta cargando la configuracion del banco
[Fri Apr 25 11:13:41 2025] - Se ha abierto el fichero propertys.conf
[Fri Apr 25 11:13:41 2025] - Se ha cargado la configuracion del programa
[Fri Apr 25 11:13:41 2025] - Se ha cerrado el fichero propertys.conf
[Fri Apr 25 11:13:43 2025] - Iniciando memoria compartida...
[Fri Apr 25 11:13:43 2025] - Se ha creado la memoria compartida
[Fri Apr 25 11:13:45 2025] - El usuario con PID 4965 ha inciado sesion
[Fri Apr 25 11:13:53 2025] - Cerrando banco de manera segura
[Fri Apr 25 11:13:55 2025] - ----------------------
[Fri Apr 25 11:14:11 2025] - Cerrando banco de manera forzada
[Fri Apr 25 11:14:11 2025] - Cerrando banco de manera forzada

[Fri Apr 25 11:14:13 2025] - ----------------------
[Fri Apr 25 11:14:25 2025] - Cerrando banco de manera forzada
[Fri Apr 25 11:14:25 2025] - Cerrando banco de manera forzada

[Fri Apr 25 11:14:27 2025] - ----------------------
[Fri Apr 25 11:14:31 2025] - ---------------------------
[Fri Apr 25 11:14:31 2025] - Inciando banco
[Fri Apr 25 11:14:31 2025] - Se esta cargando la configuracion del banco
[Fri Apr 25 11:14:31 2025] - Se ha abierto el fichero propertys.conf
[Fri Apr 25 11:14:31 2025] - Se ha cargado la configuracion del programa
[Fri Apr 25 11:14:31 2025] - Se ha cerrado el fichero propertys.conf
[Fri Apr 25 11:14:34 2025] - Iniciando memoria compartida...
[Fri Apr 25 11:14:34 2025] - Se ha creado la memoria compartida
[Fri Apr 25 11:16:26 2025] - salirsalirsalir
[Fri Apr 25 11:16:41 2025] - Cerrando banco de manera forzada
[Fri Apr 25 11:16:41 2025] - Cerrando banco de manera forzada

[Fri Apr 25 11:16:43 2025] - ----------------------
[Fri Apr 25 11:17:05 2025] - ---------------------------
[Fri Apr 25 11:17:05 2025] - Inciando banco
[Fri Apr 25 11:17:05 2025] - Se esta cargando la configuracion del banco
[Fri Apr 25 11:17:05 2025] - Se ha abierto el fichero propertys.conf
[Fri Apr 25 11:17:05 2025] - Se ha cargado la configuracion del programa
[Fri Apr 25 11:17:05 2025] - Se ha cerrado el fichero propertys.conf
[Fri Apr 25 11:17:07 2025] - Iniciando memoria compartida...
[Fri Apr 25 11:17:07 2025] - Se ha creado la memoria compartida
[Fri Apr 25 11:20:16 2025] - Cerrando banco de manera segura
[Fri Apr 25 11:20:18 2025] - ----------------------
[Fri Apr 25 11:28:56 2025] - ---------------------------
[Fri Apr 25 11:28:56 2025] - Inciando banco
[Fri Apr 25 11:28:56 2025] - Se esta cargando la configuracion del banco
[Fri Apr 25 11:28:56 2025] - Se ha abierto el fichero propertys.conf
[Fri Apr 25 11:28:56 2025] - Se ha cargado la configuracion del programa
[Fri Apr 25 11:28:56 2025] - Se ha cerrado el fichero propertys.conf
[Fri Apr 25 11:28:58 2025] - Iniciando memoria compartida...
[Fri Apr 25 11:28:58 2025] - Se ha creado la memoria compartida
[Fri Apr 25 11:29:01 2025] - El usuario con PID 5508 ha inciado sesion
[Fri Apr 25 11:29:05 2025] - El usuario con PID 5508 ha cerrado sesion
[Fri Apr 25 11:29:07 2025] - Cerrando banco de manera segura
[Fri Apr 25 11:29:09 2025] - ----------------------
[Fri Apr 25 11:56:35 2025] - ---------------------------
[Fri Apr 25 11:56:35 2025] - Inciando banco
[Fri Apr 25 11:56:35 2025] - Se esta cargando la configuracion del banco
[Fri Apr 25 11:56:35 2025] - Se ha abierto el fichero propertys.conf
[Fri Apr 25 11:56:35 2025] - Se ha cargado la configuracion del programa
[Fri Apr 25 11:56:35 2025] - Se ha cerrado el fichero propertys.conf
[Fri Apr 25 11:56:35 2025] - Se ha iniciado init cuenta en modo 1
[Fri Apr 25 11:56:35 2025] - Se ha cerrado init cuenta en modo 1
[Fri Apr 25 11:56:37 2025] - Iniciando memoria compartida...
[Fri Apr 25 11:56:37 2025] - Se ha creado la memoria compartida
[Fri Apr 25 11:56:41 2025] - El usuario con PID 4633 ha inciado sesion
[Fri Apr 25 11:57:49 2025] - El usuario con PID 4633 ha cerrado sesion
[Fri Apr 25 11:57:53 2025] - Cerrando banco de manera segura
[Fri Apr 25 11:57:55 2025] - ----------------------
[Fri Apr 25 11:58:02 2025] - ---------------------------
[Fri Apr 25 11:58:02 2025] - Inciando banco
[Fri Apr 25 11:58:02 2025] - Se esta cargando la configuracion del banco
[Fri Apr 25 11:58:02 2025] - Se ha abierto el fichero propertys.conf
[Fri Apr 25 11:58:02 2025] - Se ha cargado la configuracion del programa
[Fri Apr 25 11:58:02 2025] - Se ha cerrado el fichero propertys.conf
[Fri Apr 25 11:58:05 2025] - Iniciando memoria compartida...
[Fri Apr 25 11:58:05 2025] - Se ha creado la memoria compartida
[Fri Apr 25 11:58:07 2025] - El usuario con PID 4820 ha inciado sesion
[Fri Apr 25 11:58:15 2025] - El usuario con PID 4820 ha cerrado sesion
[Fri Apr 25 11:58:17 2025] - Cerrando banco de manera segura
[Fri Apr 25 11:58:19 2025] - ----------------------
[Fri Apr 25 11:58:50 2025] - ---------------------------
[Fri Apr 25 11:58:50 2025] - Inciando banco
[Fri Apr 25 11:58:50 2025] - Se esta cargando la configuracion del banco
[Fri Apr 25 11:58:50 2025] - Se ha abierto el fichero propertys.conf
[Fri Apr 25 11:58:50 2025] - Se ha cargado la configuracion del programa
[Fri Apr 25 11:58:50 2025] - Se ha cerrado el fichero propertys.conf
[Fri Apr 25 11:58:54 2025] - Iniciando memoria compartida...
[Fri Apr 25 11:58:54 2025] - Se ha creado la memoria compartida
[Fri Apr 25 11:58:58 2025] - Monitor iniciado con pid 4863
[Fri Apr 25 11:58:58 2025] - Analizando al usuario
[Fri Apr 25 11:58:58 2025] - Fichero ./ficheros/usuario_1/transacciones_1.dat 
[Fri Apr 25 11:58:58 2025] - Se empieza a generar listas de datos...
[Fri Apr 25 11:58:58 2025] - Fichero de transacciones: ./ficheros/usuario_1/transacciones_1.dat
[Fri Apr 25 11:58:58 2025] - Se ha bloqueado el semaforo de transacciones
[Fri Apr 25 11:58:58 2025] - Leyendo el fichero de transacciones
[Fri Apr 25 11:58:58 2025] - Leyendo la linea [24/04/2025]-DEPOSITO-1-20000.00

[Fri Apr 25 11:58:58 2025] - Buscando fechas
[Fri Apr 25 11:58:58 2025] - Se han generado las listas de datos...
[Fri Apr 25 11:58:58 2025] - Monitor empieza a buscar ingresos maximos
[Fri Apr 25 11:58:58 2025] - Monitor ha terminado de buscar ingresos maximos raros
[Fri Apr 25 11:58:58 2025] - Analizando al usuario
[Fri Apr 25 11:58:58 2025] - Fichero ./ficheros/usuario_3/transacciones_3.dat 
[Fri Apr 25 11:58:58 2025] - Se empieza a generar listas de datos...
[Fri Apr 25 11:58:58 2025] - Fichero de transacciones: ./ficheros/usuario_3/transacciones_3.dat
[Fri Apr 25 11:58:58 2025] - Se ha bloqueado el semaforo de transacciones
[Fri Apr 25 11:58:58 2025] - Leyendo el fichero de transacciones
[Fri Apr 25 11:58:58 2025] - Se han generado las listas de datos...
[Fri Apr 25 11:58:58 2025] - Monitor empieza a buscar ingresos maximos
[Fri Apr 25 11:58:58 2025] - Monitor ha terminado de buscar ingresos maximos raros
[Fri Apr 25 11:58:58 2025] - Analizando al usuario
[Fri Apr 25 11:58:58 2025] - Fichero ./ficheros/usuario_4/transacciones_4.dat 
[Fri Apr 25 11:58:58 2025] - Se empieza a generar listas de datos...
[Fri Apr 25 11:58:58 2025] - Fichero de transacciones: ./ficheros/usuario_4/transacciones_4.dat
[Fri Apr 25 11:58:58 2025] - Se ha bloqueado el semaforo de transacciones
[Fri Apr 25 11:58:58 2025] - Leyendo el fichero de transacciones
[Fri Apr 25 11:58:58 2025] - Se han generado las listas de datos...
[Fri Apr 25 11:58:58 2025] - Monitor empieza a buscar ingresos maximos
[Fri Apr 25 11:58:58 2025] - Monitor ha terminado de buscar ingresos maximos raros
[Fri Apr 25 11:58:58 2025] - Monitor con pid 4863 ha terminado
[Fri Apr 25 11:59:15 2025] - Cerrando banco de manera segura
[Fri Apr 25 11:59:17 2025] - ----------------------
[Fri Apr 25 12:00:53 2025] - ---------------------------
[Fri Apr 25 12:00:53 2025] - Inciando banco
[Fri Apr 25 12:00:53 2025] - Se esta cargando la configuracion del banco
[Fri Apr 25 12:00:53 2025] - Se ha abierto el fichero propertys.conf
[Fri Apr 25 12:00:53 2025] - Se ha cargado la configuracion del programa
[Fri Apr 25 12:00:53 2025] - Se ha cerrado el fichero propertys.conf
[Fri Apr 25 12:00:55 2025] - Iniciando memoria compartida...
[Fri Apr 25 12:00:55 2025] - Se ha creado la memoria compartida
[Fri Apr 25 12:00:57 2025] - Monitor iniciado con pid 4996
[Fri Apr 25 12:00:57 2025] - Analizando al usuario
[Fri Apr 25 12:00:57 2025] - Fichero ./ficheros/usuario_1/transacciones_1.dat 
[Fri Apr 25 12:00:57 2025] - Se empieza a generar listas de datos...
[Fri Apr 25 12:00:57 2025] - Se han generado las listas de datos...
[Fri Apr 25 12:00:57 2025] - Monitor empieza a buscar ingresos maximos
[Fri Apr 25 12:00:57 2025] - Monitor ha terminado de buscar ingresos maximos raros
[Fri Apr 25 12:00:57 2025] - Analizando al usuario
[Fri Apr 25 12:00:57 2025] - Fichero ./ficheros/usuario_3/transacciones_3.dat 
[Fri Apr 25 12:00:57 2025] - Se empieza a generar listas de datos...
[Fri Apr 25 12:00:57 2025] - Se han generado las listas de datos...
[Fri Apr 25 12:00:57 2025] - Monitor empieza a buscar ingresos maximos
[Fri Apr 25 12:00:57 2025] - Monitor ha terminado de buscar ingresos maximos raros
[Fri Apr 25 12:00:57 2025] - Analizando al usuario
[Fri Apr 25 12:00:57 2025] - Fichero ./ficheros/usuario_4/transacciones_4.dat 
[Fri Apr 25 12:00:57 2025] - Se empieza a generar listas de datos...
[Fri Apr 25 12:00:57 2025] - Se han generado las listas de datos...
[Fri Apr 25 12:00:57 2025] - Monitor empieza a buscar ingresos maximos
[Fri Apr 25 12:00:57 2025] - Monitor ha terminado de buscar ingresos maximos raros
[Fri Apr 25 12:00:57 2025] - Monitor con pid 4996 ha terminado
[Fri Apr 25 12:01:21 2025] - Cerrando banco de manera segura
[Fri Apr 25 12:01:23 2025] - ----------------------
[Fri Apr 25 12:02:19 2025] - ---------------------------
[Fri Apr 25 12:02:19 2025] - Inciando banco
[Fri Apr 25 12:02:19 2025] - Se esta cargando la configuracion del banco
[Fri Apr 25 12:02:19 2025] - Se ha abierto el fichero propertys.conf
[Fri Apr 25 12:02:19 2025] - Se ha cargado la configuracion del programa
[Fri Apr 25 12:02:19 2025] - Se ha cerrado el fichero propertys.conf
[Fri Apr 25 12:02:21 2025] - Iniciando memoria compartida...
[Fri Apr 25 12:02:21 2025] - Se ha creado la memoria compartida
[Fri Apr 25 12:02:24 2025] - Monitor iniciado con pid 5041
[Fri Apr 25 12:02:24 2025] - Analizando al usuario
[Fri Apr 25 12:02:24 2025] - Fichero ./ficheros/usuario_1/transacciones_1.dat 
[Fri Apr 25 12:02:24 2025] - Se empieza a generar listas de datos...
[Fri Apr 25 12:02:24 2025] - Se han generado las listas de datos...
[Fri Apr 25 12:02:24 2025] - Monitor empieza a buscar ingresos maximos
[Fri Apr 25 12:02:24 2025] - Monitor ha terminado de buscar ingresos maximos raros
[Fri Apr 25 12:02:24 2025] - Analizando al usuario
[Fri Apr 25 12:02:24 2025] - Fichero ./ficheros/usuario_3/transacciones_3.dat 
[Fri Apr 25 12:02:24 2025] - Se empieza a generar listas de datos...
[Fri Apr 25 12:02:24 2025] - Se han generado las listas de datos...
[Fri Apr 25 12:02:24 2025] - Monitor empieza a buscar ingresos maximos
[Fri Apr 25 12:02:24 2025] - Monitor ha terminado de buscar ingresos maximos raros
[Fri Apr 25 12:02:24 2025] - Analizando al usuario
[Fri Apr 25 12:02:24 2025] - Fichero ./ficheros/usuario_4/transacciones_4.dat 
[Fri Apr 25 12:02:24 2025] - Se empieza a generar listas de datos...
[Fri Apr 25 12:02:24 2025] - Se han generado las listas de datos...
[Fri Apr 25 12:02:24 2025] - Monitor empieza a buscar ingresos maximos
[Fri Apr 25 12:02:24 2025] - Monitor ha terminado de buscar ingresos maximos raros
[Fri Apr 25 12:02:24 2025] - Monitor con pid 5041 ha terminado
[Fri Apr 25 12:02:30 2025] - Cerrando banco de manera segura
[Fri Apr 25 12:02:32 2025] - ----------------------
[Fri Apr 25 12:06:46 2025] - ---------------------------
[Fri Apr 25 12:06:46 2025] - Inciando banco
[Fri Apr 25 12:06:46 2025] - Se esta cargando la configuracion del banco
[Fri Apr 25 12:06:46 2025] - Se ha abierto el fichero propertys.conf
[Fri Apr 25 12:06:46 2025] - Se ha cargado la configuracion del programa
[Fri Apr 25 12:06:46 2025] - Se ha cerrado el fichero propertys.conf
[Fri Apr 25 12:06:48 2025] - Iniciando memoria compartida...
[Fri Apr 25 12:06:48 2025] - Se ha creado la memoria compartida
[Fri Apr 25 12:06:51 2025] - El usuario con PID 5175 ha inciado sesion
[Fri Apr 25 12:06:51 2025] - El usuario con PID 5175 ha abierto la memoria compartida
[Fri Apr 25 12:06:51 2025] - El usuario con PID 5175 ha leido la memoria compartida
[Fri Apr 25 12:06:54 2025] - El usuario con PID 5175 ha iniciado un deposito
[Fri Apr 25 12:06:56 2025] - El usuario con PID 5175 ha depositado dinero
[Fri Apr 25 12:07:06 2025] - El usuario con PID 5175 ha consultado su saldo
[Fri Apr 25 12:07:13 2025] - El usuario con PID 5175 ha cerrado sesion
[Fri Apr 25 12:07:15 2025] - Cerrando banco de manera segura
[Fri Apr 25 12:07:17 2025] - ----------------------
[Fri Apr 25 12:08:35 2025] - ---------------------------
[Fri Apr 25 12:08:35 2025] - Inciando banco
[Fri Apr 25 12:08:35 2025] - Se esta cargando la configuracion del banco
[Fri Apr 25 12:08:35 2025] - Se ha abierto el fichero propertys.conf
[Fri Apr 25 12:08:35 2025] - Se ha cargado la configuracion del programa
[Fri Apr 25 12:08:35 2025] - Se ha cerrado el fichero propertys.conf
[Fri Apr 25 12:08:37 2025] - Iniciando memoria compartida...
[Fri Apr 25 12:08:37 2025] - Se ha creado la memoria compartida
[Fri Apr 25 12:08:42 2025] - El usuario con PID 5283 ha inciado sesion
[Fri Apr 25 12:08:42 2025] - El usuario con PID 5283 ha abierto la memoria compartida
[Fri Apr 25 12:08:42 2025] - El usuario con PID 5283 ha leido la memoria compartida
[Fri Apr 25 12:08:45 2025] - El usuario con PID 5283 ha consultado su saldo
[Fri Apr 25 12:08:51 2025] - El usuario con PID 5283 ha iniciado una tranferencia
[Fri Apr 25 12:08:54 2025] - El usuario con PID 5283 ha tranferido dinero
[Fri Apr 25 12:09:02 2025] - El usuario con PID 5305 ha inciado sesion
[Fri Apr 25 12:09:02 2025] - El usuario con PID 5305 ha abierto la memoria compartida
[Fri Apr 25 12:09:02 2025] - El usuario con PID 5305 ha leido la memoria compartida
[Fri Apr 25 12:09:04 2025] - El usuario con PID 5305 ha consultado su saldo
[Fri Apr 25 12:09:14 2025] - Usuario con PID 5283 saliendo de manera forzada por motivo del banco...
[Fri Apr 25 12:09:14 2025] - Usuario con PID 5305 saliendo de manera forzada por motivo del banco...
[Fri Apr 25 12:09:14 2025] - Cerrando banco de manera segura
[Fri Apr 25 12:09:16 2025] - ----------------------
